\BOOKMARK [1][-]{section.1}{Einf\374hrung}{}% 1
\BOOKMARK [2][-]{subsection.1.1}{Was bisher geschah: Sprachverarbeitung im Kontext der historischen Artificial Intelligence}{section.1}% 2
\BOOKMARK [2][-]{subsection.1.2}{ELIZA als Beispiel f\374r fr\374he Sprachverarbeitung}{section.1}% 3
\BOOKMARK [1][-]{section.2}{Was ist nat\374rliche Sprache?}{}% 4
\BOOKMARK [1][-]{section.3}{Schrittweise Verarbeitung nat\374rlicher Sprache}{}% 5
\BOOKMARK [2][-]{subsection.3.1}{Parsing der Morphologie}{section.3}% 6
\BOOKMARK [2][-]{subsection.3.2}{Analyse der Syntax}{section.3}% 7
\BOOKMARK [2][-]{subsection.3.3}{Interpretation der Semantik}{section.3}% 8
\BOOKMARK [2][-]{subsection.3.4}{Erfassung der Pragmatik}{section.3}% 9
\BOOKMARK [2][-]{subsection.3.5}{Inbetrachtziehen des Diskurs}{section.3}% 10
\BOOKMARK [2][-]{subsection.3.6}{Aufl\366sung von Mehrdeutigkeit}{section.3}% 11
\BOOKMARK [1][-]{section.4}{Simon, Sirius, Jasper}{}% 12
\BOOKMARK [2][-]{subsection.4.1}{Simon listens}{section.4}% 13
\BOOKMARK [2][-]{subsection.4.2}{Sirius}{section.4}% 14
\BOOKMARK [2][-]{subsection.4.3}{The Jasper Project}{section.4}% 15
\BOOKMARK [1][-]{section.5}{\334ber Haushaltsroboter bis C3PO}{}% 16
\BOOKMARK [2][-]{subsection.5.1}{Das intelligente Haus}{section.5}% 17
\BOOKMARK [2][-]{subsection.5.2}{Rechercheunterst\374tzende Computer}{section.5}% 18
\BOOKMARK [2][-]{subsection.5.3}{R2D2 und C3PO}{section.5}% 19
\BOOKMARK [1][-]{section.6}{Schlussfolgerung}{}% 20
\BOOKMARK [1][-]{section.6}{Quellenverzeichnis}{}% 21
